<?xml version="1.0" encoding="UTF-8"?>
<testsuite name="hello.itemservice.validation.BeanValidationTest" tests="1" skipped="0" failures="0" errors="0" timestamp="2023-08-30T07:23:30" hostname="DESKTOP-RULLE8I" time="0.568">
  <properties/>
  <testcase name="beanValidation()" classname="hello.itemservice.validation.BeanValidationTest" time="0.568"/>
  <system-out><![CDATA[16:23:30.378 [Test worker] DEBUG org.jboss.logging - Logging Provider: org.jboss.logging.Log4j2LoggerProvider
16:23:30.384 [Test worker] INFO org.hibernate.validator.internal.util.Version - HV000001: Hibernate Validator 6.1.7.Final
16:23:30.393 [Test worker] DEBUG org.hibernate.validator.internal.xml.config.ValidationXmlParser - Trying to load META-INF/validation.xml for XML based Validator configuration.
16:23:30.395 [Test worker] DEBUG org.hibernate.validator.internal.xml.config.ResourceLoaderHelper - Trying to load META-INF/validation.xml via TCCL
16:23:30.396 [Test worker] DEBUG org.hibernate.validator.internal.xml.config.ResourceLoaderHelper - Trying to load META-INF/validation.xml via Hibernate Validator's class loader
16:23:30.397 [Test worker] DEBUG org.hibernate.validator.internal.xml.config.ValidationXmlParser - No META-INF/validation.xml found. Using annotation based configuration only.
16:23:30.403 [Test worker] DEBUG org.hibernate.validator.internal.engine.resolver.TraversableResolvers - Cannot find javax.persistence.Persistence on classpath. Assuming non JPA 2 environment. All properties will per default be traversable.
16:23:30.440 [Test worker] DEBUG org.hibernate.validator.messageinterpolation.ResourceBundleMessageInterpolator - Loaded expression factory via original TCCL
16:23:30.602 [Test worker] DEBUG org.hibernate.validator.internal.engine.ValidatorFactoryConfigurationHelper - HV000252: Using org.hibernate.validator.internal.engine.DefaultPropertyNodeNameProvider as property node name provider.
16:23:30.610 [Test worker] DEBUG org.hibernate.validator.internal.engine.ValidatorFactoryConfigurationHelper - HV000234: Using org.hibernate.validator.messageinterpolation.ResourceBundleMessageInterpolator as ValidatorFactory-scoped message interpolator.
16:23:30.610 [Test worker] DEBUG org.hibernate.validator.internal.engine.ValidatorFactoryConfigurationHelper - HV000234: Using org.hibernate.validator.internal.engine.resolver.TraverseAllTraversableResolver as ValidatorFactory-scoped traversable resolver.
16:23:30.610 [Test worker] DEBUG org.hibernate.validator.internal.engine.ValidatorFactoryConfigurationHelper - HV000234: Using org.hibernate.validator.internal.util.ExecutableParameterNameProvider as ValidatorFactory-scoped parameter name provider.
16:23:30.611 [Test worker] DEBUG org.hibernate.validator.internal.engine.ValidatorFactoryConfigurationHelper - HV000234: Using org.hibernate.validator.internal.engine.DefaultClockProvider as ValidatorFactory-scoped clock provider.
16:23:30.611 [Test worker] DEBUG org.hibernate.validator.internal.engine.ValidatorFactoryConfigurationHelper - HV000234: Using org.hibernate.validator.internal.engine.scripting.DefaultScriptEvaluatorFactory as ValidatorFactory-scoped script evaluator factory.
16:23:30.687 [Test worker] DEBUG org.hibernate.validator.internal.metadata.descriptor.ConstraintDescriptorImpl - Adding composing constraint: ConstraintDescriptorImpl{annotation=j.v.c.Min, payloads=[], hasComposingConstraints=true, isReportAsSingleInvalidConstraint=false, constraintLocationKind=FIELD, definedOn=DEFINED_LOCALLY, groups=[interface javax.validation.groups.Default], attributes={groups=[Ljava.lang.Class;@26f0515, message={javax.validation.constraints.Min.message}, value=1000, payload=[Ljava.lang.Class;@78868030}, constraintType=GENERIC, valueUnwrapping=DEFAULT}.
16:23:30.688 [Test worker] DEBUG org.hibernate.validator.internal.metadata.descriptor.ConstraintDescriptorImpl - Adding composing constraint: ConstraintDescriptorImpl{annotation=j.v.c.Max, payloads=[], hasComposingConstraints=true, isReportAsSingleInvalidConstraint=false, constraintLocationKind=FIELD, definedOn=DEFINED_LOCALLY, groups=[interface javax.validation.groups.Default], attributes={groups=[Ljava.lang.Class;@40406ba1, message={javax.validation.constraints.Max.message}, value=1000000, payload=[Ljava.lang.Class;@c0bf499}, constraintType=GENERIC, valueUnwrapping=DEFAULT}.
16:23:30.746 [Test worker] DEBUG org.hibernate.validator.resourceloading.PlatformResourceBundleLocator - ValidationMessages not found.
16:23:30.749 [Test worker] DEBUG org.hibernate.validator.resourceloading.PlatformResourceBundleLocator - ContributorValidationMessages not found.
16:23:30.755 [Test worker] DEBUG org.hibernate.validator.resourceloading.PlatformResourceBundleLocator - org.hibernate.validator.ValidationMessages found.
16:23:30.766 [Test worker] DEBUG org.hibernate.validator.resourceloading.PlatformResourceBundleLocator - ValidationMessages not found.
16:23:30.766 [Test worker] DEBUG org.hibernate.validator.resourceloading.PlatformResourceBundleLocator - ContributorValidationMessages not found.
16:23:30.767 [Test worker] DEBUG org.hibernate.validator.resourceloading.PlatformResourceBundleLocator - org.hibernate.validator.ValidationMessages found.
16:23:30.770 [Test worker] DEBUG org.hibernate.validator.resourceloading.PlatformResourceBundleLocator - ValidationMessages not found.
16:23:30.770 [Test worker] DEBUG org.hibernate.validator.resourceloading.PlatformResourceBundleLocator - ContributorValidationMessages not found.
16:23:30.771 [Test worker] DEBUG org.hibernate.validator.resourceloading.PlatformResourceBundleLocator - org.hibernate.validator.ValidationMessages found.
violation=ConstraintViolationImpl{interpolatedMessage='1000에서 1000000 사이여야 합니다', propertyPath=price, rootBeanClass=class hello.itemservice.domain.item.Item, messageTemplate='{org.hibernate.validator.constraints.Range.message}'}
violation.message=1000에서 1000000 사이여야 합니다
violation=ConstraintViolationImpl{interpolatedMessage='9999 이하여야 합니다', propertyPath=quantity, rootBeanClass=class hello.itemservice.domain.item.Item, messageTemplate='{javax.validation.constraints.Max.message}'}
violation.message=9999 이하여야 합니다
violation=ConstraintViolationImpl{interpolatedMessage='공백일 수 없습니다', propertyPath=itemName, rootBeanClass=class hello.itemservice.domain.item.Item, messageTemplate='{javax.validation.constraints.NotBlank.message}'}
violation.message=공백일 수 없습니다
]]></system-out>
  <system-err><![CDATA[]]></system-err>
</testsuite>
